have_func: checking for random()... -------------------- yes

"clang -o conftest -I/Users/greg/.rbenv/versions/2.1.6/include/ruby-2.1.0/x86_64-darwin14.0 -I/Users/greg/.rbenv/versions/2.1.6/include/ruby-2.1.0/ruby/backward -I/Users/greg/.rbenv/versions/2.1.6/include/ruby-2.1.0 -I. -I/Users/greg/.rbenv/versions/2.1.6/include -Qunused-arguments -D_XOPEN_SOURCE -D_DARWIN_C_SOURCE -D_DARWIN_UNLIMITED_SELECT -D_REENTRANT   -Qunused-arguments -O3 -Wno-error=shorten-64-to-32  -pipe conftest.c  -L. -L/Users/greg/.rbenv/versions/2.1.6/lib -L. -L/Users/greg/.rbenv/versions/2.1.6/lib  -fstack-protector -L/usr/local/lib     -lruby-static -framework CoreFoundation  -lpthread -lgmp -ldl -lobjc "
checked program was:
/* begin */
1: #include "ruby.h"
2: 
3: int main(int argc, char **argv)
4: {
5:   return 0;
6: }
/* end */

"clang -o conftest -I/Users/greg/.rbenv/versions/2.1.6/include/ruby-2.1.0/x86_64-darwin14.0 -I/Users/greg/.rbenv/versions/2.1.6/include/ruby-2.1.0/ruby/backward -I/Users/greg/.rbenv/versions/2.1.6/include/ruby-2.1.0 -I. -I/Users/greg/.rbenv/versions/2.1.6/include -Qunused-arguments -D_XOPEN_SOURCE -D_DARWIN_C_SOURCE -D_DARWIN_UNLIMITED_SELECT -D_REENTRANT   -Qunused-arguments -O3 -Wno-error=shorten-64-to-32  -pipe conftest.c  -L. -L/Users/greg/.rbenv/versions/2.1.6/lib -L. -L/Users/greg/.rbenv/versions/2.1.6/lib  -fstack-protector -L/usr/local/lib     -lruby-static -framework CoreFoundation  -lpthread -lgmp -ldl -lobjc "
checked program was:
/* begin */
 1: #include "ruby.h"
 2: 
 3: /*top*/
 4: extern int t(void);
 5: int main(int argc, char **argv)
 6: {
 7:   if (argc > 1000000) {
 8:     printf("%p", &t);
 9:   }
10: 
11:   return 0;
12: }
13: int t(void) { void ((*volatile p)()); p = (void ((*)()))random; return 0; }
/* end */

--------------------

have_func: checking for srandom()... -------------------- yes

"clang -o conftest -I/Users/greg/.rbenv/versions/2.1.6/include/ruby-2.1.0/x86_64-darwin14.0 -I/Users/greg/.rbenv/versions/2.1.6/include/ruby-2.1.0/ruby/backward -I/Users/greg/.rbenv/versions/2.1.6/include/ruby-2.1.0 -I. -I/Users/greg/.rbenv/versions/2.1.6/include -Qunused-arguments -D_XOPEN_SOURCE -D_DARWIN_C_SOURCE -D_DARWIN_UNLIMITED_SELECT -D_REENTRANT   -Qunused-arguments -O3 -Wno-error=shorten-64-to-32  -pipe conftest.c  -L. -L/Users/greg/.rbenv/versions/2.1.6/lib -L. -L/Users/greg/.rbenv/versions/2.1.6/lib  -fstack-protector -L/usr/local/lib     -lruby-static -framework CoreFoundation  -lpthread -lgmp -ldl -lobjc "
checked program was:
/* begin */
 1: #include "ruby.h"
 2: 
 3: /*top*/
 4: extern int t(void);
 5: int main(int argc, char **argv)
 6: {
 7:   if (argc > 1000000) {
 8:     printf("%p", &t);
 9:   }
10: 
11:   return 0;
12: }
13: int t(void) { void ((*volatile p)()); p = (void ((*)()))srandom; return 0; }
/* end */

--------------------

have_func: checking for rand()... -------------------- yes

"clang -o conftest -I/Users/greg/.rbenv/versions/2.1.6/include/ruby-2.1.0/x86_64-darwin14.0 -I/Users/greg/.rbenv/versions/2.1.6/include/ruby-2.1.0/ruby/backward -I/Users/greg/.rbenv/versions/2.1.6/include/ruby-2.1.0 -I. -I/Users/greg/.rbenv/versions/2.1.6/include -Qunused-arguments -D_XOPEN_SOURCE -D_DARWIN_C_SOURCE -D_DARWIN_UNLIMITED_SELECT -D_REENTRANT   -Qunused-arguments -O3 -Wno-error=shorten-64-to-32  -pipe conftest.c  -L. -L/Users/greg/.rbenv/versions/2.1.6/lib -L. -L/Users/greg/.rbenv/versions/2.1.6/lib  -fstack-protector -L/usr/local/lib     -lruby-static -framework CoreFoundation  -lpthread -lgmp -ldl -lobjc "
checked program was:
/* begin */
 1: #include "ruby.h"
 2: 
 3: /*top*/
 4: extern int t(void);
 5: int main(int argc, char **argv)
 6: {
 7:   if (argc > 1000000) {
 8:     printf("%p", &t);
 9:   }
10: 
11:   return 0;
12: }
13: int t(void) { void ((*volatile p)()); p = (void ((*)()))rand; return 0; }
/* end */

--------------------

have_func: checking for srand()... -------------------- yes

"clang -o conftest -I/Users/greg/.rbenv/versions/2.1.6/include/ruby-2.1.0/x86_64-darwin14.0 -I/Users/greg/.rbenv/versions/2.1.6/include/ruby-2.1.0/ruby/backward -I/Users/greg/.rbenv/versions/2.1.6/include/ruby-2.1.0 -I. -I/Users/greg/.rbenv/versions/2.1.6/include -Qunused-arguments -D_XOPEN_SOURCE -D_DARWIN_C_SOURCE -D_DARWIN_UNLIMITED_SELECT -D_REENTRANT   -Qunused-arguments -O3 -Wno-error=shorten-64-to-32  -pipe conftest.c  -L. -L/Users/greg/.rbenv/versions/2.1.6/lib -L. -L/Users/greg/.rbenv/versions/2.1.6/lib  -fstack-protector -L/usr/local/lib     -lruby-static -framework CoreFoundation  -lpthread -lgmp -ldl -lobjc "
checked program was:
/* begin */
 1: #include "ruby.h"
 2: 
 3: /*top*/
 4: extern int t(void);
 5: int main(int argc, char **argv)
 6: {
 7:   if (argc > 1000000) {
 8:     printf("%p", &t);
 9:   }
10: 
11:   return 0;
12: }
13: int t(void) { void ((*volatile p)()); p = (void ((*)()))srand; return 0; }
/* end */

--------------------

check_sizeof: checking size of unsigned long... -------------------- 8

"clang -I/Users/greg/.rbenv/versions/2.1.6/include/ruby-2.1.0/x86_64-darwin14.0 -I/Users/greg/.rbenv/versions/2.1.6/include/ruby-2.1.0/ruby/backward -I/Users/greg/.rbenv/versions/2.1.6/include/ruby-2.1.0 -I. -I/Users/greg/.rbenv/versions/2.1.6/include -Qunused-arguments -D_XOPEN_SOURCE -D_DARWIN_C_SOURCE -D_DARWIN_UNLIMITED_SELECT -D_REENTRANT   -Qunused-arguments -O3 -Wno-error=shorten-64-to-32  -pipe   -c conftest.c"
conftest.c:7:20: error: 'conftest_const' declared as an array with a negative size
int conftest_const[(sizeof((*rbcv_ptr_)) < 0) ? 1 : -1];
                   ^~~~~~~~~~~~~~~~~~~~~~~~~~~~~~~~~~~
1 error generated.
checked program was:
/* begin */
1: #include "ruby.h"
2: 
3: typedef unsigned long rbcv_typedef_;
4: static rbcv_typedef_ *rbcv_ptr_;
5: 
6: /*top*/
7: int conftest_const[(sizeof((*rbcv_ptr_)) < 0) ? 1 : -1];
/* end */

"clang -o conftest -I/Users/greg/.rbenv/versions/2.1.6/include/ruby-2.1.0/x86_64-darwin14.0 -I/Users/greg/.rbenv/versions/2.1.6/include/ruby-2.1.0/ruby/backward -I/Users/greg/.rbenv/versions/2.1.6/include/ruby-2.1.0 -I. -I/Users/greg/.rbenv/versions/2.1.6/include -Qunused-arguments -D_XOPEN_SOURCE -D_DARWIN_C_SOURCE -D_DARWIN_UNLIMITED_SELECT -D_REENTRANT   -Qunused-arguments -O3 -Wno-error=shorten-64-to-32  -pipe conftest.c  -L. -L/Users/greg/.rbenv/versions/2.1.6/lib -L. -L/Users/greg/.rbenv/versions/2.1.6/lib  -fstack-protector -L/usr/local/lib     -lruby-static -framework CoreFoundation  -lpthread -lgmp -ldl -lobjc "
checked program was:
/* begin */
 1: #include "ruby.h"
 2: 
 3: typedef unsigned long rbcv_typedef_;
 4: static rbcv_typedef_ *rbcv_ptr_;
 5: 
 6: #include <stdio.h>
 7: /*top*/
 8: typedef unsigned
 9: #ifdef PRI_LL_PREFIX
10: #define PRI_CONFTEST_PREFIX PRI_LL_PREFIX
11: LONG_LONG
12: #else
13: #define PRI_CONFTEST_PREFIX "l"
14: long
15: #endif
16: conftest_type;
17: conftest_type conftest_const = (conftest_type)(sizeof((*rbcv_ptr_)));
18: int main() {printf("%"PRI_CONFTEST_PREFIX"u\n", conftest_const); return 0;}
/* end */

./conftest |
--------------------

check_sizeof: checking size of unsigned int... -------------------- 4

"clang -I/Users/greg/.rbenv/versions/2.1.6/include/ruby-2.1.0/x86_64-darwin14.0 -I/Users/greg/.rbenv/versions/2.1.6/include/ruby-2.1.0/ruby/backward -I/Users/greg/.rbenv/versions/2.1.6/include/ruby-2.1.0 -I. -I/Users/greg/.rbenv/versions/2.1.6/include -Qunused-arguments -D_XOPEN_SOURCE -D_DARWIN_C_SOURCE -D_DARWIN_UNLIMITED_SELECT -D_REENTRANT   -Qunused-arguments -O3 -Wno-error=shorten-64-to-32  -pipe   -c conftest.c"
conftest.c:7:20: error: 'conftest_const' declared as an array with a negative size
int conftest_const[(sizeof((*rbcv_ptr_)) < 0) ? 1 : -1];
                   ^~~~~~~~~~~~~~~~~~~~~~~~~~~~~~~~~~~
1 error generated.
checked program was:
/* begin */
1: #include "ruby.h"
2: 
3: typedef unsigned int rbcv_typedef_;
4: static rbcv_typedef_ *rbcv_ptr_;
5: 
6: /*top*/
7: int conftest_const[(sizeof((*rbcv_ptr_)) < 0) ? 1 : -1];
/* end */

"clang -o conftest -I/Users/greg/.rbenv/versions/2.1.6/include/ruby-2.1.0/x86_64-darwin14.0 -I/Users/greg/.rbenv/versions/2.1.6/include/ruby-2.1.0/ruby/backward -I/Users/greg/.rbenv/versions/2.1.6/include/ruby-2.1.0 -I. -I/Users/greg/.rbenv/versions/2.1.6/include -Qunused-arguments -D_XOPEN_SOURCE -D_DARWIN_C_SOURCE -D_DARWIN_UNLIMITED_SELECT -D_REENTRANT   -Qunused-arguments -O3 -Wno-error=shorten-64-to-32  -pipe conftest.c  -L. -L/Users/greg/.rbenv/versions/2.1.6/lib -L. -L/Users/greg/.rbenv/versions/2.1.6/lib  -fstack-protector -L/usr/local/lib     -lruby-static -framework CoreFoundation  -lpthread -lgmp -ldl -lobjc "
checked program was:
/* begin */
 1: #include "ruby.h"
 2: 
 3: typedef unsigned int rbcv_typedef_;
 4: static rbcv_typedef_ *rbcv_ptr_;
 5: 
 6: #include <stdio.h>
 7: /*top*/
 8: typedef unsigned
 9: #ifdef PRI_LL_PREFIX
10: #define PRI_CONFTEST_PREFIX PRI_LL_PREFIX
11: LONG_LONG
12: #else
13: #define PRI_CONFTEST_PREFIX "l"
14: long
15: #endif
16: conftest_type;
17: conftest_type conftest_const = (conftest_type)(sizeof((*rbcv_ptr_)));
18: int main() {printf("%"PRI_CONFTEST_PREFIX"u\n", conftest_const); return 0;}
/* end */

./conftest |
--------------------

check_sizeof: checking size of unsigned int... -------------------- 4

"clang -I/Users/greg/.rbenv/versions/2.1.6/include/ruby-2.1.0/x86_64-darwin14.0 -I/Users/greg/.rbenv/versions/2.1.6/include/ruby-2.1.0/ruby/backward -I/Users/greg/.rbenv/versions/2.1.6/include/ruby-2.1.0 -I. -I/Users/greg/.rbenv/versions/2.1.6/include -Qunused-arguments -D_XOPEN_SOURCE -D_DARWIN_C_SOURCE -D_DARWIN_UNLIMITED_SELECT -D_REENTRANT   -Qunused-arguments -O3 -Wno-error=shorten-64-to-32  -pipe   -c conftest.c"
conftest.c:7:20: error: 'conftest_const' declared as an array with a negative size
int conftest_const[(sizeof((*rbcv_ptr_)) < 0) ? 1 : -1];
                   ^~~~~~~~~~~~~~~~~~~~~~~~~~~~~~~~~~~
1 error generated.
checked program was:
/* begin */
1: #include "ruby.h"
2: 
3: typedef unsigned int rbcv_typedef_;
4: static rbcv_typedef_ *rbcv_ptr_;
5: 
6: /*top*/
7: int conftest_const[(sizeof((*rbcv_ptr_)) < 0) ? 1 : -1];
/* end */

"clang -o conftest -I/Users/greg/.rbenv/versions/2.1.6/include/ruby-2.1.0/x86_64-darwin14.0 -I/Users/greg/.rbenv/versions/2.1.6/include/ruby-2.1.0/ruby/backward -I/Users/greg/.rbenv/versions/2.1.6/include/ruby-2.1.0 -I. -I/Users/greg/.rbenv/versions/2.1.6/include -Qunused-arguments -D_XOPEN_SOURCE -D_DARWIN_C_SOURCE -D_DARWIN_UNLIMITED_SELECT -D_REENTRANT   -Qunused-arguments -O3 -Wno-error=shorten-64-to-32  -pipe conftest.c  -L. -L/Users/greg/.rbenv/versions/2.1.6/lib -L. -L/Users/greg/.rbenv/versions/2.1.6/lib  -fstack-protector -L/usr/local/lib     -lruby-static -framework CoreFoundation  -lpthread -lgmp -ldl -lobjc "
checked program was:
/* begin */
 1: #include "ruby.h"
 2: 
 3: typedef unsigned int rbcv_typedef_;
 4: static rbcv_typedef_ *rbcv_ptr_;
 5: 
 6: #include <stdio.h>
 7: /*top*/
 8: typedef unsigned
 9: #ifdef PRI_LL_PREFIX
10: #define PRI_CONFTEST_PREFIX PRI_LL_PREFIX
11: LONG_LONG
12: #else
13: #define PRI_CONFTEST_PREFIX "l"
14: long
15: #endif
16: conftest_type;
17: conftest_type conftest_const = (conftest_type)(sizeof((*rbcv_ptr_)));
18: int main() {printf("%"PRI_CONFTEST_PREFIX"u\n", conftest_const); return 0;}
/* end */

./conftest |
--------------------

